0 verbose cli /opt/homebrew/Cellar/node/25.2.1/bin/node /opt/homebrew/lib/node_modules/npm/bin/npm-cli.js
1 info using npm@11.6.2
2 info using node@v25.2.1
3 silly config load:file:/opt/homebrew/lib/node_modules/npm/npmrc
4 silly config load:file:/Users/mca/ManifestApp/.npmrc
5 silly config load:file:/opt/homebrew/etc/npmrc
6 verbose title npm exec expo start --web --port 8081
7 verbose argv "exec" "--" "expo" "start" "--web" "--port" "8081"
8 verbose logfile logs-max:10 dir:/Users/mca/ManifestApp/.npm/_logs/2026-06-10T09_47_51_131Z-
9 verbose logfile /Users/mca/ManifestApp/.npm/_logs/2026-06-10T09_47_51_131Z-debug-0.log
10 silly logfile done cleaning log files
11 http fetch GET https://registry.npmjs.org/npm attempt 1 failed with ENOTFOUND
12 http fetch GET https://registry.npmjs.org/npm attempt 2 failed with ENOTFOUND
13 http fetch GET https://registry.npmjs.org/npm attempt 3 failed with ENOTFOUND
14 verbose cwd /Users/mca/ManifestApp
15 verbose os Darwin 25.5.0
16 verbose node v25.2.1
17 verbose npm  v11.6.2
18 verbose exit 1
19 verbose code 1
